Determining if files io.h exist failed with the following output:
Change Dir: /home/timmy/myCode/HPC-AI/test1/gromacs-2021.2/build-gromacs/CMakeFiles/CMakeTmp

Run Build Command(s):/usr/bin/make cmTC_618b2/fast && /usr/bin/make -f CMakeFiles/cmTC_618b2.dir/build.make CMakeFiles/cmTC_618b2.dir/build
make[1]: Entering directory '/home/timmy/myCode/HPC-AI/test1/gromacs-2021.2/build-gromacs/CMakeFiles/CMakeTmp'
Building C object CMakeFiles/cmTC_618b2.dir/HAVE_IO_H.c.o
/usr/bin/cc    -o CMakeFiles/cmTC_618b2.dir/HAVE_IO_H.c.o   -c /home/timmy/myCode/HPC-AI/test1/gromacs-2021.2/build-gromacs/CMakeFiles/CheckIncludeFiles/HAVE_IO_H.c
/home/timmy/myCode/HPC-AI/test1/gromacs-2021.2/build-gromacs/CMakeFiles/CheckIncludeFiles/HAVE_IO_H.c:2:10: fatal error: io.h: No such file or directory
    2 | #include <io.h>
      |          ^~~~~~
compilation terminated.
make[1]: *** [CMakeFiles/cmTC_618b2.dir/build.make:66: CMakeFiles/cmTC_618b2.dir/HAVE_IO_H.c.o] Error 1
make[1]: Leaving directory '/home/timmy/myCode/HPC-AI/test1/gromacs-2021.2/build-gromacs/CMakeFiles/CMakeTmp'
make: *** [Makefile:121: cmTC_618b2/fast] Error 2


Source:
/* */
#include <io.h>


int main(void){return 0;}

Determining if the _fileno exist failed with the following output:
Change Dir: /home/timmy/myCode/HPC-AI/test1/gromacs-2021.2/build-gromacs/CMakeFiles/CMakeTmp

Run Build Command(s):/usr/bin/make cmTC_b9c33/fast && /usr/bin/make -f CMakeFiles/cmTC_b9c33.dir/build.make CMakeFiles/cmTC_b9c33.dir/build
make[1]: Entering directory '/home/timmy/myCode/HPC-AI/test1/gromacs-2021.2/build-gromacs/CMakeFiles/CMakeTmp'
Building CXX object CMakeFiles/cmTC_b9c33.dir/CheckSymbolExists.cxx.o
/usr/bin/c++    -std=c++17 -o CMakeFiles/cmTC_b9c33.dir/CheckSymbolExists.cxx.o -c /home/timmy/myCode/HPC-AI/test1/gromacs-2021.2/build-gromacs/CMakeFiles/CMakeTmp/CheckSymbolExists.cxx
/home/timmy/myCode/HPC-AI/test1/gromacs-2021.2/build-gromacs/CMakeFiles/CMakeTmp/CheckSymbolExists.cxx: In function ‘int main(int, char**)’:
/home/timmy/myCode/HPC-AI/test1/gromacs-2021.2/build-gromacs/CMakeFiles/CMakeTmp/CheckSymbolExists.cxx:8:19: error: ‘_fileno’ was not declared in this scope; did you mean ‘fileno’?
    8 |   return ((int*)(&_fileno))[argc];
      |                   ^~~~~~~
      |                   fileno
make[1]: *** [CMakeFiles/cmTC_b9c33.dir/build.make:66: CMakeFiles/cmTC_b9c33.dir/CheckSymbolExists.cxx.o] Error 1
make[1]: Leaving directory '/home/timmy/myCode/HPC-AI/test1/gromacs-2021.2/build-gromacs/CMakeFiles/CMakeTmp'
make: *** [Makefile:121: cmTC_b9c33/fast] Error 2


File /home/timmy/myCode/HPC-AI/test1/gromacs-2021.2/build-gromacs/CMakeFiles/CMakeTmp/CheckSymbolExists.cxx:
/* */
#include <stdio.h>

int main(int argc, char** argv)
{
  (void)argv;
#ifndef _fileno
  return ((int*)(&_fileno))[argc];
#else
  (void)argc;
  return 0;
#endif
}
Determining if the _commit exist failed with the following output:
Change Dir: /home/timmy/myCode/HPC-AI/test1/gromacs-2021.2/build-gromacs/CMakeFiles/CMakeTmp

Run Build Command(s):/usr/bin/make cmTC_1eeaa/fast && /usr/bin/make -f CMakeFiles/cmTC_1eeaa.dir/build.make CMakeFiles/cmTC_1eeaa.dir/build
make[1]: Entering directory '/home/timmy/myCode/HPC-AI/test1/gromacs-2021.2/build-gromacs/CMakeFiles/CMakeTmp'
Building CXX object CMakeFiles/cmTC_1eeaa.dir/CheckSymbolExists.cxx.o
/usr/bin/c++    -std=c++17 -o CMakeFiles/cmTC_1eeaa.dir/CheckSymbolExists.cxx.o -c /home/timmy/myCode/HPC-AI/test1/gromacs-2021.2/build-gromacs/CMakeFiles/CMakeTmp/CheckSymbolExists.cxx
/home/timmy/myCode/HPC-AI/test1/gromacs-2021.2/build-gromacs/CMakeFiles/CMakeTmp/CheckSymbolExists.cxx:2:10: fatal error: io.h: No such file or directory
    2 | #include <io.h>
      |          ^~~~~~
compilation terminated.
make[1]: *** [CMakeFiles/cmTC_1eeaa.dir/build.make:66: CMakeFiles/cmTC_1eeaa.dir/CheckSymbolExists.cxx.o] Error 1
make[1]: Leaving directory '/home/timmy/myCode/HPC-AI/test1/gromacs-2021.2/build-gromacs/CMakeFiles/CMakeTmp'
make: *** [Makefile:121: cmTC_1eeaa/fast] Error 2


File /home/timmy/myCode/HPC-AI/test1/gromacs-2021.2/build-gromacs/CMakeFiles/CMakeTmp/CheckSymbolExists.cxx:
/* */
#include <io.h>

int main(int argc, char** argv)
{
  (void)argv;
#ifndef _commit
  return ((int*)(&_commit))[argc];
#else
  (void)argc;
  return 0;
#endif
}
Determining if the memalign exist failed with the following output:
Change Dir: /home/timmy/myCode/HPC-AI/test1/gromacs-2021.2/build-gromacs/CMakeFiles/CMakeTmp

Run Build Command(s):/usr/bin/make cmTC_c0db8/fast && /usr/bin/make -f CMakeFiles/cmTC_c0db8.dir/build.make CMakeFiles/cmTC_c0db8.dir/build
make[1]: Entering directory '/home/timmy/myCode/HPC-AI/test1/gromacs-2021.2/build-gromacs/CMakeFiles/CMakeTmp'
Building CXX object CMakeFiles/cmTC_c0db8.dir/CheckSymbolExists.cxx.o
/usr/bin/c++    -std=c++17 -o CMakeFiles/cmTC_c0db8.dir/CheckSymbolExists.cxx.o -c /home/timmy/myCode/HPC-AI/test1/gromacs-2021.2/build-gromacs/CMakeFiles/CMakeTmp/CheckSymbolExists.cxx
/home/timmy/myCode/HPC-AI/test1/gromacs-2021.2/build-gromacs/CMakeFiles/CMakeTmp/CheckSymbolExists.cxx: In function ‘int main(int, char**)’:
/home/timmy/myCode/HPC-AI/test1/gromacs-2021.2/build-gromacs/CMakeFiles/CMakeTmp/CheckSymbolExists.cxx:8:19: error: ‘memalign’ was not declared in this scope
    8 |   return ((int*)(&memalign))[argc];
      |                   ^~~~~~~~
make[1]: *** [CMakeFiles/cmTC_c0db8.dir/build.make:66: CMakeFiles/cmTC_c0db8.dir/CheckSymbolExists.cxx.o] Error 1
make[1]: Leaving directory '/home/timmy/myCode/HPC-AI/test1/gromacs-2021.2/build-gromacs/CMakeFiles/CMakeTmp'
make: *** [Makefile:121: cmTC_c0db8/fast] Error 2


File /home/timmy/myCode/HPC-AI/test1/gromacs-2021.2/build-gromacs/CMakeFiles/CMakeTmp/CheckSymbolExists.cxx:
/* */
#include <stdlib.h>

int main(int argc, char** argv)
{
  (void)argv;
#ifndef memalign
  return ((int*)(&memalign))[argc];
#else
  (void)argc;
  return 0;
#endif
}
Performing C SOURCE FILE Test CMAKE_HAVE_LIBC_PTHREAD failed with the following output:
Change Dir: /home/timmy/myCode/HPC-AI/test1/gromacs-2021.2/build-gromacs/CMakeFiles/CMakeTmp

Run Build Command(s):/usr/bin/make cmTC_84cdf/fast && /usr/bin/make -f CMakeFiles/cmTC_84cdf.dir/build.make CMakeFiles/cmTC_84cdf.dir/build
make[1]: Entering directory '/home/timmy/myCode/HPC-AI/test1/gromacs-2021.2/build-gromacs/CMakeFiles/CMakeTmp'
Building C object CMakeFiles/cmTC_84cdf.dir/src.c.o
/usr/bin/cc   -DCMAKE_HAVE_LIBC_PTHREAD   -o CMakeFiles/cmTC_84cdf.dir/src.c.o   -c /home/timmy/myCode/HPC-AI/test1/gromacs-2021.2/build-gromacs/CMakeFiles/CMakeTmp/src.c
Linking C executable cmTC_84cdf
/usr/bin/cmake -E cmake_link_script CMakeFiles/cmTC_84cdf.dir/link.txt --verbose=1
/usr/bin/cc  -DCMAKE_HAVE_LIBC_PTHREAD    CMakeFiles/cmTC_84cdf.dir/src.c.o  -o cmTC_84cdf 
/usr/bin/ld: CMakeFiles/cmTC_84cdf.dir/src.c.o: in function `main':
src.c:(.text+0x46): undefined reference to `pthread_create'
/usr/bin/ld: src.c:(.text+0x52): undefined reference to `pthread_detach'
/usr/bin/ld: src.c:(.text+0x63): undefined reference to `pthread_join'
collect2: error: ld returned 1 exit status
make[1]: *** [CMakeFiles/cmTC_84cdf.dir/build.make:87: cmTC_84cdf] Error 1
make[1]: Leaving directory '/home/timmy/myCode/HPC-AI/test1/gromacs-2021.2/build-gromacs/CMakeFiles/CMakeTmp'
make: *** [Makefile:121: cmTC_84cdf/fast] Error 2


Source file was:
#include <pthread.h>

void* test_func(void* data)
{
  return data;
}

int main(void)
{
  pthread_t thread;
  pthread_create(&thread, NULL, test_func, NULL);
  pthread_detach(thread);
  pthread_join(thread, NULL);
  pthread_atfork(NULL, NULL, NULL);
  pthread_exit(NULL);

  return 0;
}

Determining if the function pthread_create exists in the pthreads failed with the following output:
Change Dir: /home/timmy/myCode/HPC-AI/test1/gromacs-2021.2/build-gromacs/CMakeFiles/CMakeTmp

Run Build Command(s):/usr/bin/make cmTC_5ef6a/fast && /usr/bin/make -f CMakeFiles/cmTC_5ef6a.dir/build.make CMakeFiles/cmTC_5ef6a.dir/build
make[1]: Entering directory '/home/timmy/myCode/HPC-AI/test1/gromacs-2021.2/build-gromacs/CMakeFiles/CMakeTmp'
Building C object CMakeFiles/cmTC_5ef6a.dir/CheckFunctionExists.c.o
/usr/bin/cc   -DCHECK_FUNCTION_EXISTS=pthread_create   -o CMakeFiles/cmTC_5ef6a.dir/CheckFunctionExists.c.o   -c /usr/share/cmake-3.16/Modules/CheckFunctionExists.c
Linking C executable cmTC_5ef6a
/usr/bin/cmake -E cmake_link_script CMakeFiles/cmTC_5ef6a.dir/link.txt --verbose=1
/usr/bin/cc  -DCHECK_FUNCTION_EXISTS=pthread_create    CMakeFiles/cmTC_5ef6a.dir/CheckFunctionExists.c.o  -o cmTC_5ef6a  -lpthreads 
/usr/bin/ld: cannot find -lpthreads
collect2: error: ld returned 1 exit status
make[1]: *** [CMakeFiles/cmTC_5ef6a.dir/build.make:87: cmTC_5ef6a] Error 1
make[1]: Leaving directory '/home/timmy/myCode/HPC-AI/test1/gromacs-2021.2/build-gromacs/CMakeFiles/CMakeTmp'
make: *** [Makefile:121: cmTC_5ef6a/fast] Error 2



Performing C SOURCE FILE Test C_xCORE_AVX512_qopt_zmm_usage_high_FLAG_ACCEPTED failed with the following output:
Change Dir: /home/timmy/myCode/HPC-AI/test1/gromacs-2021.2/build-gromacs/CMakeFiles/CMakeTmp

Run Build Command(s):/usr/bin/make cmTC_7417a/fast && /usr/bin/make -f CMakeFiles/cmTC_7417a.dir/build.make CMakeFiles/cmTC_7417a.dir/build
make[1]: Entering directory '/home/timmy/myCode/HPC-AI/test1/gromacs-2021.2/build-gromacs/CMakeFiles/CMakeTmp'
Building C object CMakeFiles/cmTC_7417a.dir/src.c.o
/usr/bin/cc   -DC_xCORE_AVX512_qopt_zmm_usage_high_FLAG_ACCEPTED    -xCORE-AVX512 -qopt-zmm-usage=high -o CMakeFiles/cmTC_7417a.dir/src.c.o   -c /home/timmy/myCode/HPC-AI/test1/gromacs-2021.2/build-gromacs/CMakeFiles/CMakeTmp/src.c
cc: error: unrecognized command line option '-qopt-zmm-usage=high'
make[1]: *** [CMakeFiles/cmTC_7417a.dir/build.make:66: CMakeFiles/cmTC_7417a.dir/src.c.o] Error 1
make[1]: Leaving directory '/home/timmy/myCode/HPC-AI/test1/gromacs-2021.2/build-gromacs/CMakeFiles/CMakeTmp'
make: *** [Makefile:121: cmTC_7417a/fast] Error 2


Source file was:
int main(void) { return 0; }
Performing C SOURCE FILE Test C_xCORE_AVX512_FLAG_ACCEPTED failed with the following output:
Change Dir: /home/timmy/myCode/HPC-AI/test1/gromacs-2021.2/build-gromacs/CMakeFiles/CMakeTmp

Run Build Command(s):/usr/bin/make cmTC_a759d/fast && /usr/bin/make -f CMakeFiles/cmTC_a759d.dir/build.make CMakeFiles/cmTC_a759d.dir/build
make[1]: Entering directory '/home/timmy/myCode/HPC-AI/test1/gromacs-2021.2/build-gromacs/CMakeFiles/CMakeTmp'
Building C object CMakeFiles/cmTC_a759d.dir/src.c.o
/usr/bin/cc   -DC_xCORE_AVX512_FLAG_ACCEPTED    -xCORE-AVX512 -o CMakeFiles/cmTC_a759d.dir/src.c.o   -c /home/timmy/myCode/HPC-AI/test1/gromacs-2021.2/build-gromacs/CMakeFiles/CMakeTmp/src.c
cc: error: language CORE-AVX512 not recognized
cc: error: language CORE-AVX512 not recognized
make[1]: *** [CMakeFiles/cmTC_a759d.dir/build.make:66: CMakeFiles/cmTC_a759d.dir/src.c.o] Error 1
make[1]: Leaving directory '/home/timmy/myCode/HPC-AI/test1/gromacs-2021.2/build-gromacs/CMakeFiles/CMakeTmp'
make: *** [Makefile:121: cmTC_a759d/fast] Error 2


Source file was:
int main(void) { return 0; }
Performing C++ SOURCE FILE Test CXX_xCORE_AVX512_qopt_zmm_usage_high_FLAG_ACCEPTED failed with the following output:
Change Dir: /home/timmy/myCode/HPC-AI/test1/gromacs-2021.2/build-gromacs/CMakeFiles/CMakeTmp

Run Build Command(s):/usr/bin/make cmTC_a35ca/fast && /usr/bin/make -f CMakeFiles/cmTC_a35ca.dir/build.make CMakeFiles/cmTC_a35ca.dir/build
make[1]: Entering directory '/home/timmy/myCode/HPC-AI/test1/gromacs-2021.2/build-gromacs/CMakeFiles/CMakeTmp'
Building CXX object CMakeFiles/cmTC_a35ca.dir/src.cxx.o
/usr/bin/c++    -DCXX_xCORE_AVX512_qopt_zmm_usage_high_FLAG_ACCEPTED    -xCORE-AVX512 -qopt-zmm-usage=high -std=c++17 -o CMakeFiles/cmTC_a35ca.dir/src.cxx.o -c /home/timmy/myCode/HPC-AI/test1/gromacs-2021.2/build-gromacs/CMakeFiles/CMakeTmp/src.cxx
c++: error: unrecognized command line option '-qopt-zmm-usage=high'
make[1]: *** [CMakeFiles/cmTC_a35ca.dir/build.make:66: CMakeFiles/cmTC_a35ca.dir/src.cxx.o] Error 1
make[1]: Leaving directory '/home/timmy/myCode/HPC-AI/test1/gromacs-2021.2/build-gromacs/CMakeFiles/CMakeTmp'
make: *** [Makefile:121: cmTC_a35ca/fast] Error 2


Source file was:
int main() { return 0; }
Performing C++ SOURCE FILE Test CXX_xCORE_AVX512_FLAG_ACCEPTED failed with the following output:
Change Dir: /home/timmy/myCode/HPC-AI/test1/gromacs-2021.2/build-gromacs/CMakeFiles/CMakeTmp

Run Build Command(s):/usr/bin/make cmTC_77ab7/fast && /usr/bin/make -f CMakeFiles/cmTC_77ab7.dir/build.make CMakeFiles/cmTC_77ab7.dir/build
make[1]: Entering directory '/home/timmy/myCode/HPC-AI/test1/gromacs-2021.2/build-gromacs/CMakeFiles/CMakeTmp'
Building CXX object CMakeFiles/cmTC_77ab7.dir/src.cxx.o
/usr/bin/c++    -DCXX_xCORE_AVX512_FLAG_ACCEPTED    -xCORE-AVX512 -std=c++17 -o CMakeFiles/cmTC_77ab7.dir/src.cxx.o -c /home/timmy/myCode/HPC-AI/test1/gromacs-2021.2/build-gromacs/CMakeFiles/CMakeTmp/src.cxx
c++: error: language CORE-AVX512 not recognized
c++: error: language CORE-AVX512 not recognized
make[1]: *** [CMakeFiles/cmTC_77ab7.dir/build.make:66: CMakeFiles/cmTC_77ab7.dir/src.cxx.o] Error 1
make[1]: Leaving directory '/home/timmy/myCode/HPC-AI/test1/gromacs-2021.2/build-gromacs/CMakeFiles/CMakeTmp'
make: *** [Makefile:121: cmTC_77ab7/fast] Error 2


Source file was:
int main() { return 0; }
Performing C++ SOURCE FILE Test _callconv___vectorcall failed with the following output:
Change Dir: /home/timmy/myCode/HPC-AI/test1/gromacs-2021.2/build-gromacs/CMakeFiles/CMakeTmp

Run Build Command(s):/usr/bin/make cmTC_2cb7e/fast && /usr/bin/make -f CMakeFiles/cmTC_2cb7e.dir/build.make CMakeFiles/cmTC_2cb7e.dir/build
make[1]: Entering directory '/home/timmy/myCode/HPC-AI/test1/gromacs-2021.2/build-gromacs/CMakeFiles/CMakeTmp'
Building CXX object CMakeFiles/cmTC_2cb7e.dir/src.cxx.o
/usr/bin/c++    -D_callconv___vectorcall   -std=c++17 -o CMakeFiles/cmTC_2cb7e.dir/src.cxx.o -c /home/timmy/myCode/HPC-AI/test1/gromacs-2021.2/build-gromacs/CMakeFiles/CMakeTmp/src.cxx
/home/timmy/myCode/HPC-AI/test1/gromacs-2021.2/build-gromacs/CMakeFiles/CMakeTmp/src.cxx:3:18: error: expected initializer before ‘f’
    3 | int __vectorcall f(int i) {return i;} int main(void) {return f(0);}
      |                  ^
/home/timmy/myCode/HPC-AI/test1/gromacs-2021.2/build-gromacs/CMakeFiles/CMakeTmp/src.cxx: In function ‘int main()’:
/home/timmy/myCode/HPC-AI/test1/gromacs-2021.2/build-gromacs/CMakeFiles/CMakeTmp/src.cxx:3:62: error: ‘f’ was not declared in this scope
    3 | int __vectorcall f(int i) {return i;} int main(void) {return f(0);}
      |                                                              ^
make[1]: *** [CMakeFiles/cmTC_2cb7e.dir/build.make:66: CMakeFiles/cmTC_2cb7e.dir/src.cxx.o] Error 1
make[1]: Leaving directory '/home/timmy/myCode/HPC-AI/test1/gromacs-2021.2/build-gromacs/CMakeFiles/CMakeTmp'
make: *** [Makefile:121: cmTC_2cb7e/fast] Error 2


Source file was:

#pragma GCC diagnostic error "-Wignored-attributes"
int __vectorcall f(int i) {return i;} int main(void) {return f(0);}

Performing C++ SOURCE FILE Test _callconv___regcall failed with the following output:
Change Dir: /home/timmy/myCode/HPC-AI/test1/gromacs-2021.2/build-gromacs/CMakeFiles/CMakeTmp

Run Build Command(s):/usr/bin/make cmTC_18b8a/fast && /usr/bin/make -f CMakeFiles/cmTC_18b8a.dir/build.make CMakeFiles/cmTC_18b8a.dir/build
make[1]: Entering directory '/home/timmy/myCode/HPC-AI/test1/gromacs-2021.2/build-gromacs/CMakeFiles/CMakeTmp'
Building CXX object CMakeFiles/cmTC_18b8a.dir/src.cxx.o
/usr/bin/c++    -D_callconv___regcall   -std=c++17 -o CMakeFiles/cmTC_18b8a.dir/src.cxx.o -c /home/timmy/myCode/HPC-AI/test1/gromacs-2021.2/build-gromacs/CMakeFiles/CMakeTmp/src.cxx
/home/timmy/myCode/HPC-AI/test1/gromacs-2021.2/build-gromacs/CMakeFiles/CMakeTmp/src.cxx:3:15: error: expected initializer before ‘f’
    3 | int __regcall f(int i) {return i;} int main(void) {return f(0);}
      |               ^
/home/timmy/myCode/HPC-AI/test1/gromacs-2021.2/build-gromacs/CMakeFiles/CMakeTmp/src.cxx: In function ‘int main()’:
/home/timmy/myCode/HPC-AI/test1/gromacs-2021.2/build-gromacs/CMakeFiles/CMakeTmp/src.cxx:3:59: error: ‘f’ was not declared in this scope
    3 | int __regcall f(int i) {return i;} int main(void) {return f(0);}
      |                                                           ^
make[1]: *** [CMakeFiles/cmTC_18b8a.dir/build.make:66: CMakeFiles/cmTC_18b8a.dir/src.cxx.o] Error 1
make[1]: Leaving directory '/home/timmy/myCode/HPC-AI/test1/gromacs-2021.2/build-gromacs/CMakeFiles/CMakeTmp'
make: *** [Makefile:121: cmTC_18b8a/fast] Error 2


Source file was:

#pragma GCC diagnostic error "-Wignored-attributes"
int __regcall f(int i) {return i;} int main(void) {return f(0);}

Determining if the function sgemm_ exists failed with the following output:
Change Dir: /home/timmy/myCode/HPC-AI/test1/gromacs-2021.2/build-gromacs/CMakeFiles/CMakeTmp

Run Build Command(s):/usr/bin/make cmTC_e26f6/fast && /usr/bin/make -f CMakeFiles/cmTC_e26f6.dir/build.make CMakeFiles/cmTC_e26f6.dir/build
make[1]: Entering directory '/home/timmy/myCode/HPC-AI/test1/gromacs-2021.2/build-gromacs/CMakeFiles/CMakeTmp'
Building C object CMakeFiles/cmTC_e26f6.dir/CheckFunctionExists.c.o
/usr/bin/cc   -DCHECK_FUNCTION_EXISTS=sgemm_   -o CMakeFiles/cmTC_e26f6.dir/CheckFunctionExists.c.o   -c /usr/share/cmake-3.16/Modules/CheckFunctionExists.c
Linking C executable cmTC_e26f6
/usr/bin/cmake -E cmake_link_script CMakeFiles/cmTC_e26f6.dir/link.txt --verbose=1
/usr/bin/cc  -DCHECK_FUNCTION_EXISTS=sgemm_    CMakeFiles/cmTC_e26f6.dir/CheckFunctionExists.c.o  -o cmTC_e26f6 
/usr/bin/ld: CMakeFiles/cmTC_e26f6.dir/CheckFunctionExists.c.o: in function `main':
CheckFunctionExists.c:(.text+0x14): undefined reference to `sgemm_'
collect2: error: ld returned 1 exit status
make[1]: *** [CMakeFiles/cmTC_e26f6.dir/build.make:87: cmTC_e26f6] Error 1
make[1]: Leaving directory '/home/timmy/myCode/HPC-AI/test1/gromacs-2021.2/build-gromacs/CMakeFiles/CMakeTmp'
make: *** [Makefile:121: cmTC_e26f6/fast] Error 2



